Auto commit at Fri Jun 13 15:20:05 ADT 2025
Auto commit at Sat Jun 14 15:22:26 ADT 2025
Auto commit at Sun Jun 15 15:23:18 ADT 2025
Auto commit at Mon Jun 16 15:20:05 ADT 2025
Auto commit at Mon Jun 16 16:40:04 ADT 2025
Auto commit at Mon Jun 16 16:40:20 ADT 2025
Auto commit at Mon Jun 16 16:41:20 ADT 2025
Auto commit at Tue Jun 17 12:20:07 ADT 2025
Auto commit at Tue Jun 17 12:28:49 ADT 2025
Auto commit at Tue Jun 17 15:20:04 ADT 2025
Auto commit at Wed Jun 18 11:17:02 ADT 2025
Auto commit at Wed Jun 18 11:17:58 ADT 2025
Auto commit at Wed Jun 18 15:20:05 ADT 2025
Auto commit at Thu Jun 19 12:03:04 ADT 2025
Auto commit at Thu Jun 19 15:20:05 ADT 2025
Auto commit at Fri Jun 20 14:34:39 ADT 2025
Auto commit at Fri Jun 20 15:20:05 ADT 2025
Auto commit at Sat Jun 21 15:28:34 ADT 2025
Auto commit at Sun Jun 22 15:24:13 ADT 2025
Auto commit at Mon Jun 23 13:22:07 ADT 2025
Auto commit at Mon Jun 23 15:20:05 ADT 2025
Auto commit at Tue Jun 24 15:20:05 ADT 2025
Auto commit at Wed Jun 25 15:20:05 ADT 2025
Auto commit at Thu Jun 26 15:20:05 ADT 2025
Auto commit at Fri Jun 27 12:52:00 ADT 2025
Auto commit at Fri Jun 27 12:52:47 ADT 2025
Auto commit at Fri Jun 27 12:52:49 ADT 2025
Auto commit at Fri Jun 27 12:52:51 ADT 2025
Auto commit at Fri Jun 27 12:52:52 ADT 2025
Auto commit at Fri Jun 27 12:52:54 ADT 2025
Auto commit at Fri Jun 27 12:52:55 ADT 2025
Auto commit at Fri Jun 27 12:52:56 ADT 2025
Auto commit at Fri Jun 27 12:52:58 ADT 2025
Auto commit at Fri Jun 27 12:52:59 ADT 2025
Auto commit at Fri Jun 27 12:53:22 ADT 2025
Auto commit at Fri Jun 27 12:53:24 ADT 2025
Auto commit at Fri Jun 27 12:53:25 ADT 2025
Auto commit at Fri Jun 27 12:53:27 ADT 2025
Auto commit at Fri Jun 27 12:53:28 ADT 2025
Auto commit at Fri Jun 27 12:53:30 ADT 2025
Auto commit at Fri Jun 27 12:53:31 ADT 2025
Auto commit at Fri Jun 27 12:53:33 ADT 2025
Auto commit at Fri Jun 27 12:53:34 ADT 2025
Auto commit at Fri Jun 27 12:53:35 ADT 2025
Auto commit at Fri Jun 27 12:53:47 ADT 2025
Auto commit at Fri Jun 27 15:20:04 ADT 2025
Auto commit at Sat Jun 28 15:23:21 ADT 2025
Auto commit at Sun Jun 29 15:23:10 ADT 2025
Auto commit at Mon Jun 30 15:21:17 ADT 2025
Auto commit at Tue Jul  1 15:24:46 ADT 2025
Auto commit at Wed Jul  2 12:08:26 ADT 2025
Auto commit at Wed Jul  2 12:08:28 ADT 2025
Auto commit at Wed Jul  2 12:08:29 ADT 2025
Auto commit at Wed Jul  2 12:08:31 ADT 2025
Auto commit at Wed Jul  2 12:08:32 ADT 2025
Auto commit at Wed Jul  2 12:08:33 ADT 2025
Auto commit at Wed Jul  2 12:08:34 ADT 2025
Auto commit at Wed Jul  2 12:08:36 ADT 2025
Auto commit at Wed Jul  2 12:08:37 ADT 2025
Auto commit at Wed Jul  2 12:08:38 ADT 2025
Auto commit at Wed Jul  2 12:08:39 ADT 2025
Auto commit at Wed Jul  2 12:08:41 ADT 2025
Auto commit at Wed Jul  2 12:08:42 ADT 2025
Auto commit at Wed Jul  2 12:08:43 ADT 2025
Auto commit at Wed Jul  2 12:08:44 ADT 2025
Auto commit at Wed Jul  2 12:08:46 ADT 2025
Auto commit at Wed Jul  2 12:08:47 ADT 2025
Auto commit at Wed Jul  2 15:20:05 ADT 2025
Auto commit at Thu Jul  3 15:20:05 ADT 2025
Auto commit at Thu Jul  3 17:32:44 ADT 2025
Auto commit at Thu Jul  3 17:32:46 ADT 2025
Auto commit at Thu Jul  3 17:32:48 ADT 2025
Auto commit at Thu Jul  3 17:32:49 ADT 2025
Auto commit at Thu Jul  3 17:32:51 ADT 2025
Auto commit at Thu Jul  3 17:32:52 ADT 2025
Auto commit at Thu Jul  3 17:32:53 ADT 2025
Auto commit at Thu Jul  3 17:32:54 ADT 2025
Auto commit at Fri Jul  4 14:28:11 ADT 2025
Auto commit at Fri Jul  4 15:20:05 ADT 2025
Auto commit at Sat Jul  5 15:27:07 ADT 2025
Auto commit at Sun Jul  6 15:34:21 ADT 2025
Auto commit at Mon Jul  7 15:20:04 ADT 2025
Auto commit at Tue Jul  8 15:20:04 ADT 2025
Auto commit at Wed Jul  9 15:20:05 ADT 2025
Auto commit at Thu Jul 10 11:40:49 ADT 2025
Auto commit at Thu Jul 10 15:20:04 ADT 2025
Auto commit at Fri Jul 11 13:05:22 ADT 2025
Auto commit at Fri Jul 11 13:22:53 ADT 2025
Auto commit at Fri Jul 11 13:22:55 ADT 2025
Auto commit at Fri Jul 11 15:20:05 ADT 2025
Auto commit at Fri Jul 11 16:13:22 ADT 2025
Auto commit at Sat Jul 12 15:25:57 ADT 2025
Auto commit at Sun Jul 13 15:24:51 ADT 2025
Auto commit at Mon Jul 14 10:48:52 ADT 2025
Auto commit at Mon Jul 14 10:48:53 ADT 2025
Auto commit at Mon Jul 14 10:48:55 ADT 2025
Auto commit at Mon Jul 14 10:48:56 ADT 2025
Auto commit at Mon Jul 14 10:48:57 ADT 2025
Auto commit at Mon Jul 14 10:48:58 ADT 2025
Auto commit at Mon Jul 14 10:49:00 ADT 2025
Auto commit at Mon Jul 14 10:49:01 ADT 2025
Auto commit at Mon Jul 14 10:49:02 ADT 2025
Auto commit at Mon Jul 14 10:49:03 ADT 2025
Auto commit at Mon Jul 14 10:49:04 ADT 2025
Auto commit at Mon Jul 14 15:20:05 ADT 2025
Auto commit at Tue Jul 15 12:06:10 ADT 2025
Auto commit at Tue Jul 15 15:20:05 ADT 2025
Auto commit at Wed Jul 16 15:20:01 ADT 2025
Auto commit at Thu Jul 17 15:20:05 ADT 2025
Auto commit at Fri Jul 18 15:20:03 ADT 2025
Auto commit at Fri Jul 18 16:40:27 ADT 2025
Auto commit at Sat Jul 19 15:27:43 ADT 2025
Auto commit at Sun Jul 20 15:26:43 ADT 2025
Auto commit at Mon Jul 21 15:20:04 ADT 2025
Auto commit at Tue Jul 22 14:35:43 ADT 2025
Auto commit at Tue Jul 22 14:35:46 ADT 2025
Auto commit at Tue Jul 22 14:35:47 ADT 2025
Auto commit at Tue Jul 22 14:35:49 ADT 2025
Auto commit at Tue Jul 22 14:35:50 ADT 2025
Auto commit at Tue Jul 22 14:35:51 ADT 2025
Auto commit at Tue Jul 22 14:35:53 ADT 2025
Auto commit at Tue Jul 22 15:20:05 ADT 2025
Auto commit at Wed Jul 23 15:20:05 ADT 2025
Auto commit at Thu Jul 24 14:25:02 ADT 2025
Auto commit at Thu Jul 24 15:20:04 ADT 2025
Auto commit at Fri Jul 25 15:20:00 ADT 2025
Auto commit at Sat Jul 26 15:23:40 ADT 2025
Auto commit at Sun Jul 27 15:27:15 ADT 2025
Auto commit at Mon Jul 28 15:20:03 ADT 2025
Auto commit at Tue Jul 29 15:27:27 ADT 2025
Auto commit at Wed Jul 30 15:21:34 ADT 2025
Auto commit at Thu Jul 31 15:24:27 ADT 2025
Auto commit at Fri Aug  1 15:20:40 ADT 2025
Auto commit at Sat Aug  2 15:21:50 ADT 2025
Auto commit at Sun Aug  3 15:23:24 ADT 2025
Auto commit at Mon Aug  4 15:27:59 ADT 2025
Auto commit at Tue Aug  5 15:32:52 ADT 2025
Auto commit at Wed Aug  6 15:34:27 ADT 2025
Auto commit at Tue Aug 12 10:42:47 ADT 2025
Auto commit at Tue Aug 12 15:14:34 ADT 2025
Auto commit at Tue Aug 12 15:20:02 ADT 2025
Auto commit at Wed Aug 13 15:20:05 ADT 2025
Auto commit at Thu Aug 14 15:06:54 ADT 2025
Auto commit at Thu Aug 14 15:06:56 ADT 2025
Auto commit at Thu Aug 14 15:06:57 ADT 2025
Auto commit at Thu Aug 14 15:20:05 ADT 2025
Auto commit at Fri Aug 15 14:15:46 ADT 2025
Auto commit at Fri Aug 15 14:15:48 ADT 2025
Auto commit at Fri Aug 15 14:15:49 ADT 2025
Auto commit at Fri Aug 15 14:15:50 ADT 2025
Auto commit at Fri Aug 15 14:15:50 ADT 2025
Auto commit at Fri Aug 15 14:15:51 ADT 2025
Auto commit at Fri Aug 15 15:20:04 ADT 2025
Auto commit at Sat Aug 16 15:36:43 ADT 2025
Auto commit at Sun Aug 17 15:23:47 ADT 2025
Auto commit at Mon Aug 18 14:55:41 ADT 2025
Auto commit at Mon Aug 18 14:55:42 ADT 2025
Auto commit at Mon Aug 18 15:20:05 ADT 2025
Auto commit at Tue Aug 19 11:28:47 ADT 2025
Auto commit at Tue Aug 19 11:28:49 ADT 2025
Auto commit at Tue Aug 19 11:28:51 ADT 2025
Auto commit at Tue Aug 19 11:28:52 ADT 2025
Auto commit at Tue Aug 19 11:28:54 ADT 2025
Auto commit at Tue Aug 19 11:28:56 ADT 2025
Auto commit at Tue Aug 19 11:28:57 ADT 2025
Auto commit at Tue Aug 19 11:28:59 ADT 2025
Auto commit at Tue Aug 19 11:29:00 ADT 2025
Auto commit at Tue Aug 19 15:20:05 ADT 2025
Auto commit at Wed Aug 20 15:20:05 ADT 2025
Auto commit at Thu Aug 21 11:41:03 ADT 2025
Auto commit at Thu Aug 21 11:41:30 ADT 2025
Auto commit at Thu Aug 21 11:41:32 ADT 2025
Auto commit at Thu Aug 21 11:41:33 ADT 2025
Auto commit at Thu Aug 21 11:41:34 ADT 2025
Auto commit at Thu Aug 21 11:41:36 ADT 2025
Auto commit at Thu Aug 21 11:41:37 ADT 2025
Auto commit at Thu Aug 21 11:41:38 ADT 2025
Auto commit at Thu Aug 21 15:20:05 ADT 2025
Auto commit at Fri Aug 22 15:20:05 ADT 2025
Auto commit at Sat Aug 23 15:25:10 ADT 2025
Auto commit at Sun Aug 24 15:25:08 ADT 2025
Auto commit at Mon Aug 25 15:20:04 ADT 2025
Auto commit at Mon Aug 25 16:54:36 ADT 2025
Auto commit at Mon Aug 25 16:54:37 ADT 2025
Auto commit at Mon Aug 25 16:54:39 ADT 2025
Auto commit at Mon Aug 25 16:54:40 ADT 2025
Auto commit at Mon Aug 25 16:54:41 ADT 2025
Auto commit at Mon Aug 25 16:54:42 ADT 2025
Auto commit at Mon Aug 25 16:54:44 ADT 2025
Auto commit at Mon Aug 25 16:54:45 ADT 2025
Auto commit at Mon Aug 25 16:54:46 ADT 2025
Auto commit at Mon Aug 25 16:54:47 ADT 2025
Auto commit at Mon Aug 25 16:54:48 ADT 2025
Auto commit at Mon Aug 25 16:54:49 ADT 2025
Auto commit at Mon Aug 25 16:54:50 ADT 2025
Auto commit at Mon Aug 25 16:54:52 ADT 2025
Auto commit at Tue Aug 26 15:20:05 ADT 2025
Auto commit at Wed Aug 27 15:20:05 ADT 2025
Auto commit at Thu Aug 28 11:08:26 ADT 2025
Auto commit at Thu Aug 28 11:08:28 ADT 2025
Auto commit at Thu Aug 28 11:08:29 ADT 2025
Auto commit at Thu Aug 28 11:08:30 ADT 2025
Auto commit at Thu Aug 28 11:08:31 ADT 2025
Auto commit at Thu Aug 28 11:08:33 ADT 2025
Auto commit at Thu Aug 28 11:08:34 ADT 2025
Auto commit at Thu Aug 28 11:08:35 ADT 2025
Auto commit at Thu Aug 28 11:08:36 ADT 2025
Auto commit at Thu Aug 28 11:08:37 ADT 2025
Auto commit at Thu Aug 28 11:08:38 ADT 2025
Auto commit at Thu Aug 28 11:08:39 ADT 2025
Auto commit at Thu Aug 28 15:20:05 ADT 2025
Auto commit at Fri Aug 29 15:20:05 ADT 2025
Auto commit at Fri Aug 29 16:06:58 ADT 2025
Auto commit at Fri Aug 29 16:07:00 ADT 2025
Auto commit at Fri Aug 29 16:07:02 ADT 2025
Auto commit at Fri Aug 29 16:07:04 ADT 2025
Auto commit at Fri Aug 29 16:07:07 ADT 2025
Auto commit at Sat Aug 30 15:25:33 ADT 2025
Auto commit at Sun Aug 31 15:22:14 ADT 2025
Auto commit at Mon Sep  1 15:24:35 ADT 2025
Auto commit at Tue Sep  2 15:20:05 ADT 2025
Auto commit at Wed Sep  3 15:20:05 ADT 2025
Auto commit at Thu Sep  4 15:20:05 ADT 2025
Auto commit at Fri Sep  5 15:20:05 ADT 2025
Auto commit at Fri Sep  5 17:06:26 ADT 2025
Auto commit at Fri Sep  5 17:06:28 ADT 2025
Auto commit at Fri Sep  5 17:06:29 ADT 2025
Auto commit at Fri Sep  5 17:06:31 ADT 2025
Auto commit at Fri Sep  5 17:06:32 ADT 2025
Auto commit at Fri Sep  5 17:06:34 ADT 2025
Auto commit at Fri Sep  5 17:06:36 ADT 2025
Auto commit at Fri Sep  5 17:06:37 ADT 2025
Auto commit at Fri Sep  5 17:06:39 ADT 2025
Auto commit at Fri Sep  5 17:06:40 ADT 2025
Auto commit at Fri Sep  5 17:06:46 ADT 2025
Auto commit at Sat Sep  6 15:35:10 ADT 2025
Auto commit at Sun Sep  7 15:29:37 ADT 2025
Auto commit at Mon Sep  8 15:28:27 ADT 2025
Auto commit at Tue Sep  9 15:20:05 ADT 2025
Auto commit at Wed Sep 10 15:20:05 ADT 2025
Auto commit at Thu Sep 11 15:20:05 ADT 2025
Auto commit at Fri Sep 12 14:51:07 ADT 2025
Auto commit at Fri Sep 12 15:20:05 ADT 2025
Auto commit at Sat Sep 13 15:31:44 ADT 2025
Auto commit at Sun Sep 14 15:33:52 ADT 2025
Auto commit at Mon Sep 15 15:20:05 ADT 2025
Auto commit at Tue Sep 16 15:20:04 ADT 2025
Auto commit at Wed Sep 17 15:20:05 ADT 2025
Auto commit at Thu Sep 18 15:20:05 ADT 2025
Auto commit at Fri Sep 19 15:20:05 ADT 2025
Auto commit at Sat Sep 20 15:20:01 ADT 2025
Auto commit at Sun Sep 21 15:28:41 ADT 2025
Auto commit at Mon Sep 22 15:20:00 ADT 2025
Auto commit at Tue Sep 23 15:20:05 ADT 2025
Auto commit at Wed Sep 24 15:20:05 ADT 2025
Auto commit at Thu Sep 25 15:20:04 ADT 2025
Auto commit at Fri Sep 26 15:20:05 ADT 2025
Auto commit at Fri Sep 26 16:24:39 ADT 2025
Auto commit at Fri Sep 26 16:24:41 ADT 2025
Auto commit at Fri Sep 26 16:24:42 ADT 2025
Auto commit at Fri Sep 26 16:24:44 ADT 2025
Auto commit at Fri Sep 26 16:24:45 ADT 2025
Auto commit at Sat Sep 27 15:30:26 ADT 2025
Auto commit at Sun Sep 28 15:36:15 ADT 2025
Auto commit at Mon Sep 29 10:28:45 ADT 2025
Auto commit at Mon Sep 29 10:28:47 ADT 2025
Auto commit at Mon Sep 29 15:20:05 ADT 2025
Auto commit at Tue Sep 30 15:20:05 ADT 2025
Auto commit at Wed Oct  1 15:20:03 ADT 2025
Auto commit at Wed Oct  1 16:16:45 ADT 2025
Auto commit at Wed Oct  1 16:16:47 ADT 2025
Auto commit at Wed Oct  1 16:16:48 ADT 2025
Auto commit at Wed Oct  1 16:16:50 ADT 2025
Auto commit at Thu Oct  2 15:20:05 ADT 2025
Auto commit at Fri Oct  3 15:28:23 ADT 2025
Auto commit at Sat Oct  4 15:30:04 ADT 2025
Auto commit at Sun Oct  5 15:33:37 ADT 2025
Auto commit at Mon Oct  6 15:20:04 ADT 2025
Auto commit at Tue Oct  7 15:20:05 ADT 2025
Auto commit at Wed Oct  8 15:20:05 ADT 2025
Auto commit at Thu Oct  9 15:20:05 ADT 2025
Auto commit at Fri Oct 10 15:20:00 ADT 2025
Auto commit at Sat Oct 11 15:22:32 ADT 2025
Auto commit at Sun Oct 12 15:22:59 ADT 2025
Auto commit at Mon Oct 13 15:20:07 ADT 2025
Auto commit at Tue Oct 14 15:20:05 ADT 2025
Auto commit at Wed Oct 15 15:20:04 ADT 2025
Auto commit at Thu Oct 16 15:36:59 ADT 2025
Auto commit at Fri Oct 17 15:20:02 ADT 2025
Auto commit at Sat Oct 18 15:25:54 ADT 2025
Auto commit at Sun Oct 19 15:27:03 ADT 2025
Auto commit at Mon Oct 20 15:20:04 ADT 2025
Auto commit at Tue Oct 21 15:20:04 ADT 2025
Auto commit at Wed Oct 22 15:20:05 ADT 2025
Auto commit at Thu Oct 23 15:20:05 ADT 2025
Auto commit at Fri Oct 24 15:20:04 ADT 2025
Auto commit at Sat Oct 25 15:29:25 ADT 2025
Auto commit at Sun Oct 26 15:23:30 ADT 2025
Auto commit at Mon Oct 27 15:20:05 ADT 2025
Auto commit at Tue Oct 28 15:20:05 ADT 2025
Auto commit at Wed Oct 29 15:20:00 ADT 2025
Auto commit at Thu Oct 30 15:35:55 ADT 2025
Auto commit at Fri Oct 31 15:31:32 ADT 2025
Auto commit at Sat Nov  1 15:34:17 ADT 2025
Auto commit at Sun Nov  2 15:22:02 AST 2025
Auto commit at Mon Nov  3 15:20:05 AST 2025
Auto commit at Tue Nov  4 15:20:05 AST 2025
Auto commit at Wed Nov  5 15:20:04 AST 2025
Auto commit at Thu Nov  6 15:20:00 AST 2025
Auto commit at Fri Nov  7 15:20:03 AST 2025
Auto commit at Sat Nov  8 15:24:41 AST 2025
Auto commit at Sun Nov  9 15:24:54 AST 2025
Auto commit at Mon Nov 10 15:20:05 AST 2025
Auto commit at Tue Nov 11 15:20:05 AST 2025
Auto commit at Wed Nov 12 15:20:05 AST 2025
Auto commit at Thu Nov 13 15:20:05 AST 2025
Auto commit at Fri Nov 14 15:20:05 AST 2025
Auto commit at Sat Nov 15 15:33:50 AST 2025
Auto commit at Sun Nov 16 15:31:19 AST 2025
Auto commit at Mon Nov 17 15:20:04 AST 2025
Auto commit at Tue Nov 18 15:20:05 AST 2025
Auto commit at Wed Nov 19 15:20:05 AST 2025
Auto commit at Thu Nov 20 15:20:05 AST 2025
Auto commit at Fri Nov 21 15:20:05 AST 2025
Auto commit at Sat Nov 22 15:23:09 AST 2025
Auto commit at Sun Nov 23 15:25:26 AST 2025
Auto commit at Mon Nov 24 15:20:05 AST 2025
Auto commit at Tue Nov 25 15:20:05 AST 2025
Auto commit at Wed Nov 26 15:20:01 AST 2025
Auto commit at Thu Nov 27 15:35:01 AST 2025
Auto commit at Fri Nov 28 15:20:00 AST 2025
Auto commit at Sat Nov 29 15:20:39 AST 2025
Auto commit at Sun Nov 30 15:23:14 AST 2025
Auto commit at Mon Dec  1 15:20:04 AST 2025
Auto commit at Tue Dec  2 15:20:04 AST 2025
Auto commit at Wed Dec  3 15:20:02 AST 2025
Auto commit at Thu Dec  4 15:20:04 AST 2025
Auto commit at Fri Dec  5 15:20:05 AST 2025
Auto commit at Sat Dec  6 15:20:05 AST 2025
Auto commit at Sun Dec  7 15:20:05 AST 2025
Auto commit at Mon Dec  8 15:20:05 AST 2025
Auto commit at Tue Dec  9 15:20:05 AST 2025
Auto commit at Wed Dec 10 11:02:17 AST 2025
Auto commit at Wed Dec 10 11:02:19 AST 2025
Auto commit at Wed Dec 10 11:02:21 AST 2025
Auto commit at Wed Dec 10 11:02:22 AST 2025
Auto commit at Wed Dec 10 11:02:23 AST 2025
Auto commit at Wed Dec 10 11:02:25 AST 2025
Auto commit at Wed Dec 10 11:02:26 AST 2025
Auto commit at Wed Dec 10 11:02:27 AST 2025
Auto commit at Wed Dec 10 11:02:28 AST 2025
Auto commit at Wed Dec 10 11:02:29 AST 2025
Auto commit at Wed Dec 10 11:02:30 AST 2025
Auto commit at Wed Dec 10 11:02:31 AST 2025
Auto commit at Wed Dec 10 11:02:32 AST 2025
Auto commit at Wed Dec 10 11:02:33 AST 2025
Auto commit at Wed Dec 10 11:02:34 AST 2025
Auto commit at Wed Dec 10 11:02:36 AST 2025
Auto commit at Wed Dec 10 11:02:37 AST 2025
Auto commit at Wed Dec 10 11:02:39 AST 2025
Auto commit at Wed Dec 10 15:20:04 AST 2025
Auto commit at Thu Dec 11 15:20:05 AST 2025
Auto commit at Fri Dec 12 14:29:18 EST 2025
Auto commit at Sat Dec 13 14:24:52 EST 2025
Auto commit at Sun Dec 14 14:23:38 EST 2025
Auto commit at Mon Dec 15 15:20:05 AST 2025
Auto commit at Tue Dec 16 15:20:05 AST 2025
Auto commit at Wed Dec 17 15:20:04 AST 2025
Auto commit at Thu Dec 18 15:20:05 AST 2025
Auto commit at Fri Dec 19 15:20:05 AST 2025
Auto commit at Sat Dec 20 15:21:06 AST 2025
Auto commit at Sun Dec 21 15:20:05 AST 2025
Auto commit at Mon Dec 22 15:20:04 AST 2025
Auto commit at Tue Dec 23 15:20:04 AST 2025
Auto commit at Wed Dec 24 15:20:05 AST 2025
Auto commit at Thu Dec 25 15:23:51 AST 2025
Auto commit at Fri Dec 26 15:22:06 AST 2025
Auto commit at Sat Dec 27 15:28:23 AST 2025
Auto commit at Sun Dec 28 15:23:52 AST 2025
Auto commit at Mon Dec 29 15:25:18 AST 2025
Auto commit at Tue Dec 30 15:27:19 AST 2025
Auto commit at Wed Dec 31 15:23:07 AST 2025
Auto commit at Thu Jan  1 15:36:28 AST 2026
Auto commit at Fri Jan  2 15:29:20 AST 2026
Auto commit at Sat Jan  3 15:24:00 AST 2026
Auto commit at Mon Jan  5 10:50:44 AST 2026
Auto commit at Mon Jan  5 15:20:00 AST 2026
Auto commit at Tue Jan  6 15:20:04 AST 2026
Auto commit at Wed Jan  7 15:20:05 AST 2026
Auto commit at Thu Jan  8 15:20:05 AST 2026
Auto commit at Fri Jan  9 15:20:04 AST 2026
Auto commit at Sat Jan 10 15:27:13 AST 2026
Auto commit at Sun Jan 11 15:20:36 AST 2026
Auto commit at Mon Jan 12 15:20:04 AST 2026
Auto commit at Tue Jan 13 15:20:05 AST 2026
Auto commit at Wed Jan 14 15:20:05 AST 2026
Auto commit at Thu Jan 15 15:20:03 AST 2026
Auto commit at Fri Jan 16 15:20:05 AST 2026
Auto commit at Sat Jan 17 15:28:25 AST 2026
Auto commit at Sun Jan 18 15:24:14 AST 2026
Auto commit at Mon Jan 19 15:20:05 AST 2026
Auto commit at Tue Jan 20 15:20:05 AST 2026
Auto commit at Wed Jan 21 15:20:05 AST 2026
Auto commit at Thu Jan 22 15:20:04 AST 2026
Auto commit at Fri Jan 23 15:20:04 AST 2026
Auto commit at Sat Jan 24 14:34:28 EST 2026
Auto commit at Sun Jan 25 14:30:22 EST 2026
Auto commit at Mon Jan 26 14:20:05 EST 2026
Auto commit at Tue Jan 27 14:20:05 EST 2026
Auto commit at Wed Jan 28 14:31:39 EST 2026
Auto commit at Thu Jan 29 11:30:57 PST 2026
Auto commit at Sat Jan 31 03:30:16 CST 2026
Auto commit at Sun Feb  1 03:23:57 CST 2026
Auto commit at Mon Feb  2 03:20:45 CST 2026
Auto commit at Tue Feb  3 03:31:16 CST 2026
Auto commit at Wed Feb  4 03:33:14 CST 2026
Auto commit at Thu Feb  5 03:20:04 CST 2026
Auto commit at Fri Feb  6 03:32:55 CST 2026
Auto commit at Sat Feb  7 03:32:48 CST 2026
Auto commit at Sun Feb  8 03:26:27 CST 2026
Auto commit at Mon Feb  9 03:21:28 CST 2026
Auto commit at Tue Feb 10 03:35:45 CST 2026
Auto commit at Wed Feb 11 03:30:22 CST 2026
Auto commit at Thu Feb 12 03:31:50 CST 2026
Auto commit at Fri Feb 13 03:35:07 CST 2026
Auto commit at Sat Feb 14 03:32:53 CST 2026
Auto commit at Sun Feb 15 03:34:00 CST 2026
Auto commit at Mon Feb 16 03:28:31 CST 2026
Auto commit at Tue Feb 17 03:20:04 CST 2026
Auto commit at Wed Feb 18 03:30:05 CST 2026
Auto commit at Thu Feb 19 03:32:13 CST 2026
Auto commit at Fri Feb 20 03:25:46 CST 2026
Auto commit at Sat Feb 21 03:32:07 CST 2026
Auto commit at Sun Feb 22 03:30:57 CST 2026
Auto commit at Mon Feb 23 03:32:43 CST 2026
Auto commit at Tue Feb 24 03:31:06 CST 2026
Auto commit at Wed Feb 25 03:30:08 CST 2026
Auto commit at Thu Feb 26 03:35:00 CST 2026
Auto commit at Fri Feb 27 03:30:03 CST 2026
Auto commit at Sat Feb 28 03:29:09 CST 2026
Auto commit at Sun Mar  1 03:36:31 CST 2026
Auto commit at Mon Mar  2 03:20:58 CST 2026
Auto commit at Mon Mar  2 14:20:04 EST 2026
Auto commit at Tue Mar  3 14:33:31 EST 2026
Auto commit at Wed Mar  4 14:20:05 EST 2026
Auto commit at Thu Mar  5 14:28:59 EST 2026
Auto commit at Fri Mar  6 14:25:42 EST 2026
Auto commit at Sat Mar  7 15:24:22 AST 2026
Auto commit at Sun Mar  8 15:28:47 ADT 2026
Auto commit at Mon Mar  9 15:28:23 ADT 2026
Auto commit at Tue Mar 10 15:20:05 ADT 2026
Auto commit at Wed Mar 11 15:20:05 ADT 2026
Auto commit at Thu Mar 12 15:20:05 ADT 2026
Auto commit at Fri Mar 13 15:27:46 ADT 2026
Auto commit at Sat Mar 14 15:20:04 ADT 2026
Auto commit at Sun Mar 15 15:26:02 ADT 2026
Auto commit at Mon Mar 16 15:20:04 ADT 2026
Auto commit at Tue Mar 17 15:20:04 ADT 2026
Auto commit at Wed Mar 18 15:36:41 ADT 2026
Auto commit at Thu Mar 19 15:20:05 ADT 2026
Auto commit at Fri Mar 20 15:20:05 ADT 2026
Auto commit at Sat Mar 21 15:20:51 ADT 2026
Auto commit at Sun Mar 22 15:24:12 ADT 2026
Auto commit at Mon Mar 23 15:20:01 ADT 2026
Auto commit at Tue Mar 24 15:20:05 ADT 2026
Auto commit at Wed Mar 25 15:20:05 ADT 2026
Auto commit at Thu Mar 26 15:20:05 ADT 2026
Auto commit at Fri Mar 27 15:20:04 ADT 2026
Auto commit at Sat Mar 28 15:21:55 ADT 2026
Auto commit at Sun Mar 29 15:20:05 ADT 2026
Auto commit at Mon Mar 30 15:20:02 ADT 2026
Auto commit at Tue Mar 31 15:23:49 ADT 2026
Auto commit at Wed Apr  1 15:20:00 ADT 2026
Auto commit at Thu Apr  2 15:20:05 ADT 2026
Auto commit at Fri Apr  3 15:22:03 ADT 2026
Auto commit at Sat Apr  4 15:20:04 ADT 2026
Auto commit at Sun Apr  5 15:29:12 ADT 2026
Auto commit at Mon Apr  6 11:17:32 ADT 2026
Auto commit at Mon Apr  6 11:17:35 ADT 2026
